Determining if the pthread_create exist failed with the following output:
Change Dir: /home/mobmonrob/catkin_works/build/CMakeFiles/CMakeTmp

Run Build Command:/usr/bin/make "cmTryCompileExec1408810442/fast"
/usr/bin/make -f CMakeFiles/cmTryCompileExec1408810442.dir/build.make CMakeFiles/cmTryCompileExec1408810442.dir/build
make[1]: Verzeichnis »/home/mobmonrob/catkin_works/build/CMakeFiles/CMakeTmp« wird betreten
/usr/bin/cmake -E cmake_progress_report /home/mobmonrob/catkin_works/build/CMakeFiles/CMakeTmp/CMakeFiles 1
Building C object CMakeFiles/cmTryCompileExec1408810442.dir/CheckSymbolExists.c.o
/usr/bin/cc    -o CMakeFiles/cmTryCompileExec1408810442.dir/CheckSymbolExists.c.o   -c /home/mobmonrob/catkin_works/build/CMakeFiles/CMakeTmp/CheckSymbolExists.c
Linking C executable cmTryCompileExec1408810442
/usr/bin/cmake -E cmake_link_script CMakeFiles/cmTryCompileExec1408810442.dir/link.txt --verbose=1
/usr/bin/cc       CMakeFiles/cmTryCompileExec1408810442.dir/CheckSymbolExists.c.o  -o cmTryCompileExec1408810442 -rdynamic 
CMakeFiles/cmTryCompileExec1408810442.dir/CheckSymbolExists.c.o: In Funktion `main':
CheckSymbolExists.c:(.text+0x16): Nicht definierter Verweis auf `pthread_create'
collect2: error: ld returned 1 exit status
make[1]: Verzeichnis »/home/mobmonrob/catkin_works/build/CMakeFiles/CMakeTmp« wird verlassen
make[1]: *** [cmTryCompileExec1408810442] Fehler 1
make: *** [cmTryCompileExec1408810442/fast] Fehler 2

File /home/mobmonrob/catkin_works/build/CMakeFiles/CMakeTmp/CheckSymbolExists.c:
/* */
#include <pthread.h>

int main(int argc, char** argv)
{
  (void)argv;
#ifndef pthread_create
  return ((int*)(&pthread_create))[argc];
#else
  (void)argc;
  return 0;
#endif
}

Determining if the function pthread_create exists in the pthreads failed with the following output:
Change Dir: /home/mobmonrob/catkin_works/build/CMakeFiles/CMakeTmp

Run Build Command:/usr/bin/make "cmTryCompileExec2035194299/fast"
/usr/bin/make -f CMakeFiles/cmTryCompileExec2035194299.dir/build.make CMakeFiles/cmTryCompileExec2035194299.dir/build
make[1]: Verzeichnis »/home/mobmonrob/catkin_works/build/CMakeFiles/CMakeTmp« wird betreten
/usr/bin/cmake -E cmake_progress_report /home/mobmonrob/catkin_works/build/CMakeFiles/CMakeTmp/CMakeFiles 1
Building C object CMakeFiles/cmTryCompileExec2035194299.dir/CheckFunctionExists.c.o
/usr/bin/cc   -DCHECK_FUNCTION_EXISTS=pthread_create   -o CMakeFiles/cmTryCompileExec2035194299.dir/CheckFunctionExists.c.o   -c /usr/share/cmake-2.8/Modules/CheckFunctionExists.c
Linking C executable cmTryCompileExec2035194299
/usr/bin/cmake -E cmake_link_script CMakeFiles/cmTryCompileExec2035194299.dir/link.txt --verbose=1
/usr/bin/cc   -DCHECK_FUNCTION_EXISTS=pthread_create    CMakeFiles/cmTryCompileExec2035194299.dir/CheckFunctionExists.c.o  -o cmTryCompileExec2035194299 -rdynamic -lpthreads 
/usr/bin/ld: cannot find -lpthreads
collect2: error: ld returned 1 exit status
make[1]: Verzeichnis »/home/mobmonrob/catkin_works/build/CMakeFiles/CMakeTmp« wird verlassen
make[1]: *** [cmTryCompileExec2035194299] Fehler 1
make: *** [cmTryCompileExec2035194299/fast] Fehler 2


Determining if the Q_WS_WIN exist failed with the following output:
Change Dir: /home/mobmonrob/catkin_works/build/CMakeFiles/CMakeTmp

Run Build Command:/usr/bin/make "cmTryCompileExec3746575717/fast"
/usr/bin/make -f CMakeFiles/cmTryCompileExec3746575717.dir/build.make CMakeFiles/cmTryCompileExec3746575717.dir/build
make[1]: Verzeichnis »/home/mobmonrob/catkin_works/build/CMakeFiles/CMakeTmp« wird betreten
/usr/bin/cmake -E cmake_progress_report /home/mobmonrob/catkin_works/build/CMakeFiles/CMakeTmp/CMakeFiles 1
Building CXX object CMakeFiles/cmTryCompileExec3746575717.dir/CheckSymbolExists.cxx.o
/usr/bin/c++    -fPIC -std=c++0x -Wall -Wconversion  -I/usr/include/qt4    -o CMakeFiles/cmTryCompileExec3746575717.dir/CheckSymbolExists.cxx.o -c /home/mobmonrob/catkin_works/build/CMakeFiles/CMakeTmp/CheckSymbolExists.cxx
/home/mobmonrob/catkin_works/build/CMakeFiles/CMakeTmp/CheckSymbolExists.cxx: In function ‘int main(int, char**)’:
/home/mobmonrob/catkin_works/build/CMakeFiles/CMakeTmp/CheckSymbolExists.cxx:8:19: error: ‘Q_WS_WIN’ was not declared in this scope
   return ((int*)(&Q_WS_WIN))[argc];
                   ^
make[1]: *** [CMakeFiles/cmTryCompileExec3746575717.dir/CheckSymbolExists.cxx.o] Fehler 1
make[1]: Verzeichnis »/home/mobmonrob/catkin_works/build/CMakeFiles/CMakeTmp« wird verlassen
make: *** [cmTryCompileExec3746575717/fast] Fehler 2

File /home/mobmonrob/catkin_works/build/CMakeFiles/CMakeTmp/CheckSymbolExists.cxx:
/* */
#include <QtCore/qglobal.h>

int main(int argc, char** argv)
{
  (void)argv;
#ifndef Q_WS_WIN
  return ((int*)(&Q_WS_WIN))[argc];
#else
  (void)argc;
  return 0;
#endif
}

Determining if the Q_WS_QWS exist failed with the following output:
Change Dir: /home/mobmonrob/catkin_works/build/CMakeFiles/CMakeTmp

Run Build Command:/usr/bin/make "cmTryCompileExec2588397441/fast"
/usr/bin/make -f CMakeFiles/cmTryCompileExec2588397441.dir/build.make CMakeFiles/cmTryCompileExec2588397441.dir/build
make[1]: Verzeichnis »/home/mobmonrob/catkin_works/build/CMakeFiles/CMakeTmp« wird betreten
/usr/bin/cmake -E cmake_progress_report /home/mobmonrob/catkin_works/build/CMakeFiles/CMakeTmp/CMakeFiles 1
Building CXX object CMakeFiles/cmTryCompileExec2588397441.dir/CheckSymbolExists.cxx.o
/usr/bin/c++    -fPIC -std=c++0x -Wall -Wconversion  -I/usr/include/qt4    -o CMakeFiles/cmTryCompileExec2588397441.dir/CheckSymbolExists.cxx.o -c /home/mobmonrob/catkin_works/build/CMakeFiles/CMakeTmp/CheckSymbolExists.cxx
/home/mobmonrob/catkin_works/build/CMakeFiles/CMakeTmp/CheckSymbolExists.cxx: In function ‘int main(int, char**)’:
/home/mobmonrob/catkin_works/build/CMakeFiles/CMakeTmp/CheckSymbolExists.cxx:8:19: error: ‘Q_WS_QWS’ was not declared in this scope
   return ((int*)(&Q_WS_QWS))[argc];
                   ^
make[1]: Verzeichnis »/home/mobmonrob/catkin_works/build/CMakeFiles/CMakeTmp« wird verlassen
make[1]: *** [CMakeFiles/cmTryCompileExec2588397441.dir/CheckSymbolExists.cxx.o] Fehler 1
make: *** [cmTryCompileExec2588397441/fast] Fehler 2

File /home/mobmonrob/catkin_works/build/CMakeFiles/CMakeTmp/CheckSymbolExists.cxx:
/* */
#include <QtCore/qglobal.h>

int main(int argc, char** argv)
{
  (void)argv;
#ifndef Q_WS_QWS
  return ((int*)(&Q_WS_QWS))[argc];
#else
  (void)argc;
  return 0;
#endif
}

Determining if the Q_WS_MAC exist failed with the following output:
Change Dir: /home/mobmonrob/catkin_works/build/CMakeFiles/CMakeTmp

Run Build Command:/usr/bin/make "cmTryCompileExec69068224/fast"
/usr/bin/make -f CMakeFiles/cmTryCompileExec69068224.dir/build.make CMakeFiles/cmTryCompileExec69068224.dir/build
make[1]: Verzeichnis »/home/mobmonrob/catkin_works/build/CMakeFiles/CMakeTmp« wird betreten
/usr/bin/cmake -E cmake_progress_report /home/mobmonrob/catkin_works/build/CMakeFiles/CMakeTmp/CMakeFiles 1
Building CXX object CMakeFiles/cmTryCompileExec69068224.dir/CheckSymbolExists.cxx.o
/usr/bin/c++    -fPIC -std=c++0x -Wall -Wconversion  -I/usr/include/qt4    -o CMakeFiles/cmTryCompileExec69068224.dir/CheckSymbolExists.cxx.o -c /home/mobmonrob/catkin_works/build/CMakeFiles/CMakeTmp/CheckSymbolExists.cxx
/home/mobmonrob/catkin_works/build/CMakeFiles/CMakeTmp/CheckSymbolExists.cxx: In function ‘int main(int, char**)’:
/home/mobmonrob/catkin_works/build/CMakeFiles/CMakeTmp/CheckSymbolExists.cxx:8:19: error: ‘Q_WS_MAC’ was not declared in this scope
   return ((int*)(&Q_WS_MAC))[argc];
                   ^
make[1]: *** [CMakeFiles/cmTryCompileExec69068224.dir/CheckSymbolExists.cxx.o] Fehler 1
make[1]: Verzeichnis »/home/mobmonrob/catkin_works/build/CMakeFiles/CMakeTmp« wird verlassen
make: *** [cmTryCompileExec69068224/fast] Fehler 2

File /home/mobmonrob/catkin_works/build/CMakeFiles/CMakeTmp/CheckSymbolExists.cxx:
/* */
#include <QtCore/qglobal.h>

int main(int argc, char** argv)
{
  (void)argv;
#ifndef Q_WS_MAC
  return ((int*)(&Q_WS_MAC))[argc];
#else
  (void)argc;
  return 0;
#endif
}

